0 info it worked if it ends with ok
1 verbose cli [ '/home/romu/bin/iojs-v2.3.0-linux-x64/bin/iojs',
1 verbose cli   '/usr/bin/npm',
1 verbose cli   'install',
1 verbose cli   '--save',
1 verbose cli   'acorn' ]
2 info using npm@2.11.1
3 info using node@v2.3.0
4 verbose install initial load of /home/romu/code/node-dependency-tree/package.json
5 warn package.json node-dependency-tree@1.0.0 No description
6 warn package.json node-dependency-tree@1.0.0 No repository field.
7 warn package.json node-dependency-tree@1.0.0 No README data
8 verbose installManyTop reading scoped package data from /home/romu/code/node-dependency-tree/node_modules/archy/package.json
9 verbose installManyTop reading scoped package data from /home/romu/code/node-dependency-tree/node_modules/better-assert/package.json
10 verbose installManyTop reading scoped package data from /home/romu/code/node-dependency-tree/node_modules/bluebird/package.json
11 verbose installManyTop reading scoped package data from /home/romu/code/node-dependency-tree/node_modules/css/package.json
12 verbose installManyTop reading scoped package data from /home/romu/code/node-dependency-tree/node_modules/jsdom/package.json
13 verbose installManyTop reading scoped package data from /home/romu/code/node-dependency-tree/node_modules/jspm/package.json
14 verbose installManyTop reading scoped package data from /home/romu/code/node-dependency-tree/node_modules/node-source-walk/package.json
15 verbose installManyTop reading scoped package data from /home/romu/code/node-dependency-tree/node_modules/precinct/package.json
16 verbose installManyTop reading scoped package data from /home/romu/code/node-dependency-tree/node_modules/systemjs-builder/package.json
17 verbose installManyTop reading scoped package data from /home/romu/code/node-dependency-tree/node_modules/when/package.json
18 info package.json better-assert@1.0.2 No license field.
19 info package.json when@3.7.3 No license field.
20 info package.json jspm@0.15.7 license should be a valid SPDX license expression
21 verbose readDependencies loading dependencies from /home/romu/code/node-dependency-tree/package.json
22 silly cache add args [ 'acorn', null ]
23 verbose cache add spec acorn
24 silly cache add parsed spec { raw: 'acorn',
24 silly cache add   scope: null,
24 silly cache add   name: 'acorn',
24 silly cache add   rawSpec: '',
24 silly cache add   spec: '*',
24 silly cache add   type: 'range' }
25 silly addNamed acorn@*
26 verbose addNamed "*" is a valid semver range for acorn
27 silly addNameRange { name: 'acorn', range: '*', hasData: false }
28 silly mapToRegistry name acorn
29 silly mapToRegistry using default registry
30 silly mapToRegistry registry http://registry.npmjs.org/
31 silly mapToRegistry uri http://registry.npmjs.org/acorn
32 verbose addNameRange registry:http://registry.npmjs.org/acorn not in flight; fetching
33 verbose request uri http://registry.npmjs.org/acorn
34 verbose request no auth needed
35 info attempt registry request try #1 at 10:34:20
36 verbose request using bearer token for auth
37 verbose request id 8c4f97a36023ff76
38 verbose etag "9O17J3OOE7V5A7A2W6L1OVBUX"
39 http request GET http://registry.npmjs.org/acorn
40 http 304 http://registry.npmjs.org/acorn
41 silly get cb [ 304,
41 silly get   { 'cache-control': 'max-age=60',
41 silly get     'accept-ranges': 'bytes',
41 silly get     date: 'Wed, 12 Aug 2015 08:34:22 GMT',
41 silly get     via: '1.1 varnish',
41 silly get     connection: 'keep-alive',
41 silly get     'x-served-by': 'cache-lhr6325-LHR',
41 silly get     'x-cache': 'MISS',
41 silly get     'x-cache-hits': '0',
41 silly get     'x-timer': 'S1439368461.957935,VS0,VE87' } ]
42 verbose etag http://registry.npmjs.org/acorn from cache
43 verbose get saving acorn to /home/romu/.npm/registry.npmjs.org/acorn/.cache.json
44 silly addNameRange number 2 { name: 'acorn', range: '*', hasData: true }
45 silly addNameRange versions [ 'acorn',
45 silly addNameRange   [ '0.0.1',
45 silly addNameRange     '0.1.0',
45 silly addNameRange     '0.2.0',
45 silly addNameRange     '0.3.0',
45 silly addNameRange     '0.3.1',
45 silly addNameRange     '0.4.0',
45 silly addNameRange     '0.4.2',
45 silly addNameRange     '0.5.0',
45 silly addNameRange     '0.6.0',
45 silly addNameRange     '0.7.0',
45 silly addNameRange     '0.8.0',
45 silly addNameRange     '0.9.0',
45 silly addNameRange     '0.10.0',
45 silly addNameRange     '0.11.0',
45 silly addNameRange     '0.12.0',
45 silly addNameRange     '1.0.0',
45 silly addNameRange     '1.0.1',
45 silly addNameRange     '1.0.3',
45 silly addNameRange     '1.1.0',
45 silly addNameRange     '1.2.0',
45 silly addNameRange     '2.0.0',
45 silly addNameRange     '1.2.1',
45 silly addNameRange     '2.0.1',
45 silly addNameRange     '1.2.2',
45 silly addNameRange     '2.0.4',
45 silly addNameRange     '2.1.0',
45 silly addNameRange     '2.2.0' ] ]
46 silly addNamed acorn@2.2.0
47 verbose addNamed "2.2.0" is a plain semver version for acorn
48 silly cache afterAdd acorn@2.2.0
49 verbose afterAdd /home/romu/.npm/acorn/2.2.0/package/package.json not in flight; writing
50 verbose afterAdd /home/romu/.npm/acorn/2.2.0/package/package.json written
51 silly install resolved [ { name: 'acorn',
51 silly install resolved     description: 'ECMAScript parser',
51 silly install resolved     homepage: 'https://github.com/marijnh/acorn',
51 silly install resolved     main: 'dist/acorn.js',
51 silly install resolved     version: '2.2.0',
51 silly install resolved     engines: { node: '>=0.4.0' },
51 silly install resolved     maintainers: [ [Object], [Object] ],
51 silly install resolved     repository: { type: 'git', url: 'git+https://github.com/marijnh/acorn.git' },
51 silly install resolved     license: 'MIT',
51 silly install resolved     scripts:
51 silly install resolved      { prepublish: 'node bin/build-acorn.js && node bin/without_eval > dist/acorn_csp.js',
51 silly install resolved        test: 'node test/run.js' },
51 silly install resolved     bin: { acorn: './bin/acorn' },
51 silly install resolved     devDependencies:
51 silly install resolved      { 'babel-core': '^5.6.15',
51 silly install resolved        babelify: '^6.1.2',
51 silly install resolved        browserify: '^10.2.4',
51 silly install resolved        'browserify-derequire': '^0.9.4',
51 silly install resolved        'unicode-7.0.0': '~0.1.5' },
51 silly install resolved     contributors:
51 silly install resolved      [ [Object],
51 silly install resolved        [Object],
51 silly install resolved        [Object],
51 silly install resolved        [Object],
51 silly install resolved        [Object],
51 silly install resolved        [Object],
51 silly install resolved        [Object],
51 silly install resolved        [Object],
51 silly install resolved        [Object],
51 silly install resolved        [Object],
51 silly install resolved        [Object],
51 silly install resolved        [Object],
51 silly install resolved        [Object],
51 silly install resolved        [Object],
51 silly install resolved        [Object],
51 silly install resolved        [Object],
51 silly install resolved        [Object],
51 silly install resolved        [Object],
51 silly install resolved        [Object],
51 silly install resolved        [Object],
51 silly install resolved        [Object],
51 silly install resolved        [Object],
51 silly install resolved        [Object],
51 silly install resolved        [Object],
51 silly install resolved        [Object],
51 silly install resolved        [Object],
51 silly install resolved        [Object],
51 silly install resolved        [Object],
51 silly install resolved        [Object],
51 silly install resolved        [Object],
51 silly install resolved        [Object],
51 silly install resolved        [Object],
51 silly install resolved        [Object],
51 silly install resolved        [Object],
51 silly install resolved        [Object],
51 silly install resolved        [Object],
51 silly install resolved        [Object],
51 silly install resolved        [Object],
51 silly install resolved        [Object],
51 silly install resolved        [Object] ],
51 silly install resolved     gitHead: '58b659be49c34305cc1eeb87adf8384e0c79bd5a',
51 silly install resolved     bugs: { url: 'https://github.com/marijnh/acorn/issues' },
51 silly install resolved     _id: 'acorn@2.2.0',
51 silly install resolved     _shasum: '8ce2308bc87cfdd7f234e2613ebdb0970fe518d8',
51 silly install resolved     _from: 'acorn@*',
51 silly install resolved     _npmVersion: '1.4.21',
51 silly install resolved     _npmUser: { name: 'marijn', email: 'marijnh@gmail.com' },
51 silly install resolved     dist:
51 silly install resolved      { shasum: '8ce2308bc87cfdd7f234e2613ebdb0970fe518d8',
51 silly install resolved        tarball: 'http://registry.npmjs.org/acorn/-/acorn-2.2.0.tgz' },
51 silly install resolved     directories: {},
51 silly install resolved     _resolved: 'http://registry.npmjs.org/acorn/-/acorn-2.2.0.tgz',
51 silly install resolved     readme: 'ERROR: No README data found!' } ]
52 info install acorn@2.2.0 into /home/romu/code/node-dependency-tree
53 info installOne acorn@2.2.0
54 verbose installOne of acorn to /home/romu/code/node-dependency-tree not in flight; installing
55 verbose lock using /home/romu/.npm/_locks/acorn-31f74e8eb44c1d8d.lock for /home/romu/code/node-dependency-tree/node_modules/acorn
56 silly install write writing acorn 2.2.0 to /home/romu/code/node-dependency-tree/node_modules/acorn
57 verbose unbuild node_modules/acorn
58 silly gentlyRm /home/romu/code/node-dependency-tree/node_modules/acorn is being purged from base /home/romu/code/node-dependency-tree
59 verbose gentlyRm don't care about contents; nuking /home/romu/code/node-dependency-tree/node_modules/acorn
60 verbose tar unpack /home/romu/.npm/acorn/2.2.0/package.tgz
61 verbose tar unpacking to /home/romu/code/node-dependency-tree/node_modules/acorn
62 silly gentlyRm /home/romu/code/node-dependency-tree/node_modules/acorn is being purged
63 verbose gentlyRm don't care about contents; nuking /home/romu/code/node-dependency-tree/node_modules/acorn
64 silly gunzTarPerm modes [ '775', '664' ]
65 silly gunzTarPerm extractEntry package.json
66 silly gunzTarPerm modified mode [ 'package.json', 420, 436 ]
67 silly gunzTarPerm extractEntry .npmignore
68 silly gunzTarPerm modified mode [ '.npmignore', 420, 436 ]
69 silly gunzTarPerm extractEntry README.md
70 silly gunzTarPerm modified mode [ 'README.md', 420, 436 ]
71 silly gunzTarPerm extractEntry LICENSE
72 silly gunzTarPerm modified mode [ 'LICENSE', 420, 436 ]
73 silly gunzTarPerm extractEntry .tern-project
74 silly gunzTarPerm modified mode [ '.tern-project', 420, 436 ]
75 silly gunzTarPerm extractEntry .travis.yml
76 silly gunzTarPerm modified mode [ '.travis.yml', 420, 436 ]
77 silly gunzTarPerm extractEntry AUTHORS
78 silly gunzTarPerm modified mode [ 'AUTHORS', 420, 436 ]
79 silly gunzTarPerm extractEntry .gitattributes
80 silly gunzTarPerm modified mode [ '.gitattributes', 420, 436 ]
81 silly gunzTarPerm extractEntry bin/build-acorn.js
82 silly gunzTarPerm modified mode [ 'bin/build-acorn.js', 420, 436 ]
83 silly gunzTarPerm extractEntry bin/generate-identifier-regex.js
84 silly gunzTarPerm modified mode [ 'bin/generate-identifier-regex.js', 420, 436 ]
85 silly gunzTarPerm extractEntry bin/acorn
86 silly gunzTarPerm modified mode [ 'bin/acorn', 493, 509 ]
87 silly gunzTarPerm extractEntry bin/update_authors.sh
88 silly gunzTarPerm modified mode [ 'bin/update_authors.sh', 493, 509 ]
89 silly gunzTarPerm extractEntry bin/without_eval
90 silly gunzTarPerm modified mode [ 'bin/without_eval', 493, 509 ]
91 silly gunzTarPerm extractEntry dist/acorn.js
92 silly gunzTarPerm modified mode [ 'dist/acorn.js', 420, 436 ]
93 silly gunzTarPerm extractEntry dist/acorn_csp.js
94 silly gunzTarPerm modified mode [ 'dist/acorn_csp.js', 420, 436 ]
95 silly gunzTarPerm extractEntry dist/acorn_loose.js
96 silly gunzTarPerm modified mode [ 'dist/acorn_loose.js', 420, 436 ]
97 silly gunzTarPerm extractEntry dist/walk.js
98 silly gunzTarPerm modified mode [ 'dist/walk.js', 420, 436 ]
99 silly gunzTarPerm extractEntry dist/.keep
100 silly gunzTarPerm modified mode [ 'dist/.keep', 420, 436 ]
101 silly gunzTarPerm extractEntry src/locutil.js
102 silly gunzTarPerm modified mode [ 'src/locutil.js', 420, 436 ]
103 silly gunzTarPerm extractEntry src/util.js
104 silly gunzTarPerm modified mode [ 'src/util.js', 420, 436 ]
105 silly gunzTarPerm extractEntry src/lval.js
106 silly gunzTarPerm modified mode [ 'src/lval.js', 420, 436 ]
107 silly gunzTarPerm extractEntry src/location.js
108 silly gunzTarPerm modified mode [ 'src/location.js', 420, 436 ]
109 silly gunzTarPerm extractEntry src/expression.js
110 silly gunzTarPerm modified mode [ 'src/expression.js', 420, 436 ]
111 silly gunzTarPerm extractEntry src/parseutil.js
112 silly gunzTarPerm modified mode [ 'src/parseutil.js', 420, 436 ]
113 silly gunzTarPerm extractEntry src/state.js
114 silly gunzTarPerm modified mode [ 'src/state.js', 420, 436 ]
115 silly gunzTarPerm extractEntry src/statement.js
116 silly gunzTarPerm modified mode [ 'src/statement.js', 420, 436 ]
117 silly gunzTarPerm extractEntry src/tokencontext.js
118 silly gunzTarPerm modified mode [ 'src/tokencontext.js', 420, 436 ]
119 silly gunzTarPerm extractEntry src/index.js
120 silly gunzTarPerm modified mode [ 'src/index.js', 420, 436 ]
121 silly gunzTarPerm extractEntry src/tokenize.js
122 silly gunzTarPerm modified mode [ 'src/tokenize.js', 420, 436 ]
123 silly gunzTarPerm extractEntry src/identifier.js
124 silly gunzTarPerm modified mode [ 'src/identifier.js', 420, 436 ]
125 silly gunzTarPerm extractEntry src/tokentype.js
126 silly gunzTarPerm modified mode [ 'src/tokentype.js', 420, 436 ]
127 silly gunzTarPerm extractEntry src/node.js
128 silly gunzTarPerm modified mode [ 'src/node.js', 420, 436 ]
129 silly gunzTarPerm extractEntry src/whitespace.js
130 silly gunzTarPerm modified mode [ 'src/whitespace.js', 420, 436 ]
131 silly gunzTarPerm extractEntry src/options.js
132 silly gunzTarPerm modified mode [ 'src/options.js', 420, 436 ]
133 silly gunzTarPerm extractEntry src/loose/acorn_loose.js
134 silly gunzTarPerm modified mode [ 'src/loose/acorn_loose.js', 420, 436 ]
135 silly gunzTarPerm extractEntry src/loose/expression.js
136 silly gunzTarPerm modified mode [ 'src/loose/expression.js', 420, 436 ]
137 silly gunzTarPerm extractEntry src/loose/index.js
138 silly gunzTarPerm modified mode [ 'src/loose/index.js', 420, 436 ]
139 silly gunzTarPerm extractEntry src/loose/parseutil.js
140 silly gunzTarPerm modified mode [ 'src/loose/parseutil.js', 420, 436 ]
141 silly gunzTarPerm extractEntry src/loose/state.js
142 silly gunzTarPerm modified mode [ 'src/loose/state.js', 420, 436 ]
143 silly gunzTarPerm extractEntry src/loose/statement.js
144 silly gunzTarPerm modified mode [ 'src/loose/statement.js', 420, 436 ]
145 silly gunzTarPerm extractEntry src/loose/tokenize.js
146 silly gunzTarPerm modified mode [ 'src/loose/tokenize.js', 420, 436 ]
147 silly gunzTarPerm extractEntry src/walk/index.js
148 silly gunzTarPerm modified mode [ 'src/walk/index.js', 420, 436 ]
149 silly gunzTarPerm extractEntry .editorconfig
150 silly gunzTarPerm modified mode [ '.editorconfig', 420, 436 ]
151 verbose write writing to /home/romu/code/node-dependency-tree/node_modules/acorn/package.json
152 info preinstall acorn@2.2.0
153 verbose readDependencies loading dependencies from /home/romu/code/node-dependency-tree/node_modules/acorn/package.json
154 verbose readDependencies loading dependencies from /home/romu/code/node-dependency-tree/node_modules/acorn/package.json
155 silly install resolved []
156 verbose about to build /home/romu/code/node-dependency-tree/node_modules/acorn
157 info build /home/romu/code/node-dependency-tree/node_modules/acorn
158 info linkStuff acorn@2.2.0
159 silly linkStuff acorn@2.2.0 has /home/romu/code/node-dependency-tree/node_modules as its parent node_modules
160 verbose linkBins acorn@2.2.0
161 verbose link bins [ { acorn: './bin/acorn' },
161 verbose link bins   '/home/romu/code/node-dependency-tree/node_modules/.bin',
161 verbose link bins   false ]
162 verbose linkMans acorn@2.2.0
163 verbose rebuildBundles acorn@2.2.0
164 silly gentlyRm /home/romu/code/node-dependency-tree/node_modules/.bin/acorn is being purged
165 verbose gentlyRm don't care about contents; nuking /home/romu/code/node-dependency-tree/node_modules/.bin/acorn
166 verbose unlock done using /home/romu/.npm/_locks/acorn-31f74e8eb44c1d8d.lock for /home/romu/code/node-dependency-tree/node_modules/acorn
167 verbose stack Error: EACCES: permission denied, symlink '../acorn/bin/acorn' -> '/home/romu/code/node-dependency-tree/node_modules/.bin/acorn'
167 verbose stack     at Error (native)
168 verbose cwd /home/romu/code/node-dependency-tree/lib
169 error Linux 3.8.11
170 error argv "/home/romu/bin/iojs-v2.3.0-linux-x64/bin/iojs" "/usr/bin/npm" "install" "--save" "acorn"
171 error node v2.3.0
172 error npm  v2.11.1
173 error path ../acorn/bin/acorn
174 error code EACCES
175 error errno -13
176 error syscall symlink
177 error Error: EACCES: permission denied, symlink '../acorn/bin/acorn' -> '/home/romu/code/node-dependency-tree/node_modules/.bin/acorn'
177 error     at Error (native)
177 error  { [Error: EACCES: permission denied, symlink '../acorn/bin/acorn' -> '/home/romu/code/node-dependency-tree/node_modules/.bin/acorn']
177 error   errno: -13,
177 error   code: 'EACCES',
177 error   syscall: 'symlink',
177 error   path: '../acorn/bin/acorn',
177 error   dest: '/home/romu/code/node-dependency-tree/node_modules/.bin/acorn' }
178 error Please try running this command again as root/Administrator.
179 verbose exit [ -13, true ]
180 verbose unbuild node_modules/acorn
181 info preuninstall acorn@2.2.0
182 info uninstall acorn@2.2.0
183 verbose unbuild rmStuff acorn@2.2.0 from /home/romu/code/node-dependency-tree/node_modules
184 silly gentlyRm /home/romu/code/node-dependency-tree/node_modules/.bin/acorn is being gently removed
185 silly gentlyRm verifying /home/romu/code/node-dependency-tree is an npm working directory
186 silly gentlyRm containing path /home/romu/code/node-dependency-tree is under npm's control, in /home/romu/code/node-dependency-tree
187 silly gentlyRm deletion target /home/romu/code/node-dependency-tree/node_modules/.bin/acorn is under /home/romu/code/node-dependency-tree
188 verbose gentlyRm vacuuming from /home/romu/code/node-dependency-tree/node_modules/.bin/acorn up to /home/romu/code/node-dependency-tree
189 info postuninstall acorn@2.2.0
190 silly gentlyRm /home/romu/code/node-dependency-tree/node_modules/acorn is being purged from base /home/romu/code/node-dependency-tree
191 verbose gentlyRm don't care about contents; nuking /home/romu/code/node-dependency-tree/node_modules/acorn
192 silly vacuum-fs purging /home/romu/code/node-dependency-tree/node_modules/acorn
193 silly vacuum-fs quitting because other entries in /home/romu/code/node-dependency-tree/node_modules
